<?xml version="1.0" encoding="UTF-8"?>
<testsuite xmlns:xsi="http://www.w3.org/2001/XMLSchema-instance" xsi:noNamespaceSchemaLocation="https://maven.apache.org/surefire/maven-surefire-plugin/xsd/surefire-test-report.xsd" version="3.0.2" name="tokyo.archangel.sdb.SpringDiscordBotApplicationTests" time="1.685" tests="1" errors="0" skipped="0" failures="0">
  <properties>
[...]
</properties>
  <testcase name="contextLoads" classname="tokyo.archangel.sdb.SpringDiscordBotApplicationTests" time="0.37">
    <system-out><![CDATA[18:19:07.172 [main] INFO org.springframework.test.context.support.AnnotationConfigContextLoaderUtils -- Could not detect default configuration classes for test class [tokyo.archangel.sdb.SpringDiscordBotApplicationTests]: SpringDiscordBotApplicationTests does not declare any static, non-private, non-final, nested classes annotated with @Configuration.
18:19:07.228 [main] INFO org.springframework.boot.test.context.SpringBootTestContextBootstrapper -- Found @SpringBootConfiguration tokyo.archangel.sdb.SpringDiscordBotApplication for test class tokyo.archangel.sdb.SpringDiscordBotApplicationTests
18:19:07.305 [main] INFO org.springframework.boot.devtools.restart.RestartApplicationListener -- Restart disabled due to context in which it is running

  .   ____          _            __ _ _
 /\\ / ___'_ __ _ _(_)_ __  __ _ \ \ \ \
( ( )\___ | '_ | '_| | '_ \/ _` | \ \ \ \
 \\/  ___)| |_)| | | | | || (_| |  ) ) ) )
  '  |____| .__|_| |_|_| |_\__, | / / / /
 =========|_|==============|___/=/_/_/_/

&amp#27;[32m :: Spring Boot :: &amp#27;[39m              &amp#27;[2m (v4.0.1)&amp#27;[0;39m

&amp#27;[2m2026-01-04T18:19:07.473+09:00&amp#27;[0;39m &amp#27;[32m INFO&amp#27;[0;39m &amp#27;[35m39280&amp#27;[0;39m &amp#27;[2m--- [SpringDiscordBot] [           main] &amp#27;[0;39m&amp#27;[36mt.a.s.SpringDiscordBotApplicationTests  &amp#27;[0;39m &amp#27;[2m:&amp#27;[0;39m Starting SpringDiscordBotApplicationTests using Java 21.0.1 with PID 39280 (started by localTemp in D:\docments\git\SpringDiscordBot\SpringDiscordBot)
&amp#27;[2m2026-01-04T18:19:07.474+09:00&amp#27;[0;39m &amp#27;[32mDEBUG&amp#27;[0;39m &amp#27;[35m39280&amp#27;[0;39m &amp#27;[2m--- [SpringDiscordBot] [           main] &amp#27;[0;39m&amp#27;[36mt.a.s.SpringDiscordBotApplicationTests  &amp#27;[0;39m &amp#27;[2m:&amp#27;[0;39m Running with Spring Boot v4.0.1, Spring v7.0.2
&amp#27;[2m2026-01-04T18:19:07.474+09:00&amp#27;[0;39m &amp#27;[32m INFO&amp#27;[0;39m &amp#27;[35m39280&amp#27;[0;39m &amp#27;[2m--- [SpringDiscordBot] [           main] &amp#27;[0;39m&amp#27;[36mt.a.s.SpringDiscordBotApplicationTests  &amp#27;[0;39m &amp#27;[2m:&amp#27;[0;39m The following 1 profile is active: "develop"
&amp#27;[2m2026-01-04T18:19:08.138+09:00&amp#27;[0;39m &amp#27;[32m INFO&amp#27;[0;39m &amp#27;[35m39280&amp#27;[0;39m &amp#27;[2m--- [SpringDiscordBot] [           main] &amp#27;[0;39m&amp#27;[36mt.a.s.SpringDiscordBotApplicationTests  &amp#27;[0;39m &amp#27;[2m:&amp#27;[0;39m Started SpringDiscordBotApplicationTests in 0.839 seconds (process running for 1.437)
&amp#27;[2m2026-01-04T18:19:08.141+09:00&amp#27;[0;39m &amp#27;[32m INFO&amp#27;[0;39m &amp#27;[35m39280&amp#27;[0;39m &amp#27;[2m--- [SpringDiscordBot] [           main] &amp#27;[0;39m&amp#27;[36mt.a.s.d.launcher.DiscordServiceLauncher &amp#27;[0;39m &amp#27;[2m:&amp#27;[0;39m discordメインサービス起動開始
&amp#27;[2m2026-01-04T18:19:08.141+09:00&amp#27;[0;39m &amp#27;[32mDEBUG&amp#27;[0;39m &amp#27;[35m39280&amp#27;[0;39m &amp#27;[2m--- [SpringDiscordBot] [           main] &amp#27;[0;39m&amp#27;[36mt.archangel.sdb.discord.api.DiscordApi  &amp#27;[0;39m &amp#27;[2m:&amp#27;[0;39m ゲートウェイURL取得開始
&amp#27;[2m2026-01-04T18:19:08.358+09:00&amp#27;[0;39m &amp#27;[32mDEBUG&amp#27;[0;39m &amp#27;[35m39280&amp#27;[0;39m &amp#27;[2m--- [SpringDiscordBot] [           main] &amp#27;[0;39m&amp#27;[36mt.archangel.sdb.discord.api.DiscordApi  &amp#27;[0;39m &amp#27;[2m:&amp#27;[0;39m ゲートウェイURL取得完了
&amp#27;[2m2026-01-04T18:19:08.358+09:00&amp#27;[0;39m &amp#27;[32mTRACE&amp#27;[0;39m &amp#27;[35m39280&amp#27;[0;39m &amp#27;[2m--- [SpringDiscordBot] [           main] &amp#27;[0;39m&amp#27;[36mt.archangel.sdb.discord.api.DiscordApi  &amp#27;[0;39m &amp#27;[2m:&amp#27;[0;39m url:wss://gateway.discord.gg
&amp#27;[2m2026-01-04T18:19:08.364+09:00&amp#27;[0;39m &amp#27;[32mDEBUG&amp#27;[0;39m &amp#27;[35m39280&amp#27;[0;39m &amp#27;[2m--- [SpringDiscordBot] [           main] &amp#27;[0;39m&amp#27;[36mt.a.s.d.launcher.DiscordServiceLauncher &amp#27;[0;39m &amp#27;[2m:&amp#27;[0;39m websocket接続開始
&amp#27;[2m2026-01-04T18:19:08.650+09:00&amp#27;[0;39m &amp#27;[32mDEBUG&amp#27;[0;39m &amp#27;[35m39280&amp#27;[0;39m &amp#27;[2m--- [SpringDiscordBot] [cTaskExecutor-1] &amp#27;[0;39m&amp#27;[36mt.a.s.d.w.h.MainDiscordWebSocketHandler &amp#27;[0;39m &amp#27;[2m:&amp#27;[0;39m 接続されました
&amp#27;[2m2026-01-04T18:19:08.652+09:00&amp#27;[0;39m &amp#27;[32mDEBUG&amp#27;[0;39m &amp#27;[35m39280&amp#27;[0;39m &amp#27;[2m--- [SpringDiscordBot] [cTaskExecutor-1] &amp#27;[0;39m&amp#27;[36mt.a.s.d.launcher.DiscordServiceLauncher &amp#27;[0;39m &amp#27;[2m:&amp#27;[0;39m websocket接続完了
&amp#27;[2m2026-01-04T18:19:08.653+09:00&amp#27;[0;39m &amp#27;[32mTRACE&amp#27;[0;39m &amp#27;[35m39280&amp#27;[0;39m &amp#27;[2m--- [SpringDiscordBot] [ient-SecureIO-1] &amp#27;[0;39m&amp#27;[36mt.a.s.d.w.h.MainDiscordWebSocketHandler &amp#27;[0;39m &amp#27;[2m:&amp#27;[0;39m 受信メッセージ: {"t":null,"s":null,"op":10,"d":{"heartbeat_interval":41250,"_trace":["[\"gateway-prd-arm-us-east1-c-spsm\",{\"micros\":0.0}]"]}}
]]></system-out>
    <system-err><![CDATA[Mockito is currently self-attaching to enable the inline-mock-maker. This will no longer work in future releases of the JDK. Please add Mockito as an agent to your build as described in Mockito's documentation: https://javadoc.io/doc/org.mockito/mockito-core/latest/org.mockito/org/mockito/Mockito.html#0.3
WARNING: A Java agent has been loaded dynamically (C:\Users\admin\.m2\repository\net\bytebuddy\byte-buddy-agent\1.17.8\byte-buddy-agent-1.17.8.jar)
WARNING: If a serviceability tool is in use, please run with -XX:+EnableDynamicAgentLoading to hide this warning
WARNING: If a serviceability tool is not in use, please run with -Djdk.instrument.traceUsage for more information
WARNING: Dynamic loading of agents will be disallowed by default in a future release
]]></system-err>
  </testcase>
</testsuite>